Heap Setup < 0 (0ms) wled.json Examples/Clock.wled
Heap open definition file > 0
Heap definitionJsonDoc 16384 > 0 (0ms)
programFile size 263 bytes
Heap parseTreeJsonDoc 32768 > 0 (0ms)
 PROGRAM PROGRAM -> [ID Clock] 0
 ID Clock -> [LCURL {] 0
  LCURL { -> [FUNCTION FUNCTION] 1
     FUNCTION FUNCTION -> [ID renderFrame] 4
     ID renderFrame -> [LPAREN (] 4
      LPAREN ( -> [RPAREN )] 5
      found formals
      RPAREN ) -> [LCURL {] 5
      LCURL { -> [ID setRange] 5
         ID setRange -> [LPAREN (] 8
         found varleft
         ID setRange -> [LPAREN (] 8
         LPAREN ( -> [INTEGER_CONST 0] 8
             INTEGER_CONST 0 -> [COMMA ,] 12
            found factor
           found term
          found expr
           COMMA , -> [ID ledCount] 10
               ID ledCount -> [COMMA ,] 14
              ID ledCount -> [COMMA ,] 13
              found varref
             found factor
            found term
           found expr
           COMMA , -> [INTEGER_CONST 0] 10
              INTEGER_CONST 0 -> [RPAREN )] 13
             found factor
            found term
           found expr
         found actuals
         RPAREN ) -> [ID setPixelColor] 8
        found call
       found statement
         ID setPixelColor -> [LPAREN (] 8
         found varleft
         ID setPixelColor -> [LPAREN (] 8
         LPAREN ( -> [ID hour] 8
              ID hour -> [COMMA ,] 13
             ID hour -> [COMMA ,] 12
             found varref
            found factor
           found term
          found expr
           COMMA , -> [INTEGER_CONST 25] 10
              INTEGER_CONST 25 -> [RPAREN )] 13
             found factor
            found term
           found expr
         found actuals
         RPAREN ) -> [ID setPixelColor] 8
        found call
       found statement
         ID setPixelColor -> [LPAREN (] 8
         found varleft
         ID setPixelColor -> [LPAREN (] 8
         LPAREN ( -> [ID minute] 8
              ID minute -> [COMMA ,] 13
             ID minute -> [COMMA ,] 12
             found varref
            found factor
           found term
          found expr
           COMMA , -> [INTEGER_CONST 125] 10
              INTEGER_CONST 125 -> [RPAREN )] 13
             found factor
            found term
           found expr
         found actuals
         RPAREN ) -> [ID setPixelColor] 8
        found call
       found statement
         ID setPixelColor -> [LPAREN (] 8
         found varleft
         ID setPixelColor -> [LPAREN (] 8
         LPAREN ( -> [ID second] 8
              ID second -> [COMMA ,] 13
             ID second -> [COMMA ,] 12
             found varref
            found factor
           found term
          found expr
           COMMA , -> [INTEGER_CONST 225] 10
              INTEGER_CONST 225 -> [RPAREN )] 13
             found factor
            found term
           found expr
         found actuals
         RPAREN ) -> [RCURL }] 8
        found call
       found statement
      RCURL } -> [RCURL }] 5
     found block
    found function
   found statement
  RCURL } 1
 found block
Symbol program Parsed until (16,1) 263 of 263
definitionJson usage 10355 of 16384 (63 %) (24 0 6)
parseTree usage      7230 of 32768 (22 %) (1 0 19)
garbageCollect       4958 of 32768 (15 %) (1 0 19)
Destruct Lexer
Heap parse > 0 (0ms)

Optimizer
Heap optimize > 0 (0ms)

Analyzer
 Program Clock 1 0
     Function Clock.renderFrame
         Ext Function found setRange (8)
              Ext Variable found ledCount (13) F_VarRef
         Ext Function found setPixelColor (8)
            Ext Variable found hour (11) F_VarRef
         Ext Function found setPixelColor (8)
            Ext Variable found minute (11) F_VarRef
         Ext Function found setPixelColor (8)
            Ext Variable found second (11) F_VarRef
 0 F_Function Clock.renderFrame of 9 (1)
Heap analyze > 0 (0ms)

interpret Clock 1 1
 program name ID
 Program Clock Clock
     Save block of renderFrame
Heap Interpret main > 0 (0ms)
         Call renderFrame (1)
                INTEGER_CONST 0 (Push 1)
                  F_VarRef ext.ledCount = 3.000000 (push 2)
                  INTEGER_CONST 0 (Push 3)
             Call setRange(0.000000, 3.000000, 0.000000) = 3.000000
                F_VarRef ext.hour = 28.000000 (push 2)
                  INTEGER_CONST 25 (Push 3)
setPixelColor(28.000000, 25.000000)
             Call setPixelColor(28.000000, 25.000000)
                F_VarRef ext.minute = 29.000000 (push 2)
                  INTEGER_CONST 125 (Push 3)
setPixelColor(29.000000, 125.000000)
             Call setPixelColor(29.000000, 125.000000)
                F_VarRef ext.second = 30.000000 (push 2)
                  INTEGER_CONST 225 (Push 3)
setPixelColor(30.000000, 225.000000)
             Call setPixelColor(30.000000, 225.000000)
Destruct activation record renderFrame
         Call renderFrame (1)
                INTEGER_CONST 0 (Push 2)
                  F_VarRef ext.ledCount = 3.000000 (push 3)
                  INTEGER_CONST 0 (Push 4)
             Call setRange(0.000000, 3.000000, 0.000000) = 3.000000
                F_VarRef ext.hour = 28.000000 (push 3)
                  INTEGER_CONST 25 (Push 4)
setPixelColor(28.000000, 25.000000)
             Call setPixelColor(28.000000, 25.000000)
                F_VarRef ext.minute = 29.000000 (push 3)
                  INTEGER_CONST 125 (Push 4)
setPixelColor(29.000000, 125.000000)
             Call setPixelColor(29.000000, 125.000000)
                F_VarRef ext.second = 30.000000 (push 3)
                  INTEGER_CONST 225 (Push 4)
setPixelColor(30.000000, 225.000000)
             Call setPixelColor(30.000000, 225.000000)
Destruct activation record renderFrame
Heap close Arti < 0
Destruct callstack
Destruct valueStack
Heap Destruct ScopedSymbolTable renderFrame (0)
Heap Destruct Symbol renderFrame (0)
Heap Destruct ScopedSymbolTable Clock (0)
definitionJson usage  10355 of 16384 (63 %) (24 0 6)
parseTree usage       5790 of 32768 (18 %) (1 0 18)
