Heap Setup < 0 (0ms) wled.json Examples/ColorRandom.wled
Heap open definition file > 0
Heap definitionJsonDoc 16384 > 0 (0ms)
programFile size 133 bytes
Heap parseTreeJsonDoc 32768 > 0 (0ms)
 PROGRAM PROGRAM -> [ID ColorRandom] 0
 ID ColorRandom -> [LCURL {] 0
  LCURL { -> [FUNCTION FUNCTION] 1
     FUNCTION FUNCTION -> [ID renderLed] 4
     ID renderLed -> [LPAREN (] 4
      LPAREN ( -> [ID i] 5
       ID i -> [RPAREN )] 6
       found formal
      found formals
      RPAREN ) -> [LCURL {] 5
      LCURL { -> [ID setPixelColor] 5
         ID setPixelColor -> [LPAREN (] 8
         found varleft
         ID setPixelColor -> [LPAREN (] 8
         LPAREN ( -> [ID i] 8
              ID i -> [COMMA ,] 13
             ID i -> [COMMA ,] 12
             found varref
            found factor
           found term
          found expr
           COMMA , -> [ID random] 10
               ID random -> [LPAREN (] 14
               LPAREN ( -> [RPAREN )] 14
               found actuals
               RPAREN ) -> [RPAREN )] 14
              found call
             found factor
            found term
           found expr
         found actuals
         RPAREN ) -> [RCURL }] 8
        found call
       found statement
      RCURL } -> [RCURL }] 5
     found block
    found function
   found statement
  RCURL } 1
 found block
Symbol program Parsed until (11,1) 133 of 133
definitionJson usage 10355 of 16384 (63 %) (24 0 6)
parseTree usage      3083 of 32768 (9 %) (1 0 20)
garbageCollect       2027 of 32768 (6 %) (1 0 20)
Destruct Lexer
Heap parse > 0 (0ms)

Optimizer
Heap optimize > 0 (0ms)

Analyzer
 Program ColorRandom 1 0
     Function ColorRandom.renderLed
      F_Formal renderLed.i of notype
         Ext Function found setPixelColor (8)
            VarRef found renderLed.i (11)
              Ext Function found random (13)
     0 F_Formal renderLed.i of 9 (2)
 0 F_Function ColorRandom.renderLed of 9 (1)
Heap analyze > 0 (0ms)

interpret ColorRandom 1 1
 program name ID
 Program ColorRandom ColorRandom
     Save block of renderLed
Heap Interpret main > 0 (0ms)
                F_VarRef renderLed.i = 0.000000 (push 1) 2-0
                  Call random() = 41.000000
setPixelColor(0.000000, 41.000000)
             Call setPixelColor(0.000000, 41.000000)
                F_VarRef renderLed.i = 1.000000 (push 1) 2-0
                  Call random() = 18467.000000
setPixelColor(1.000000, 18467.000000)
             Call setPixelColor(1.000000, 18467.000000)
                F_VarRef renderLed.i = 2.000000 (push 1) 2-0
                  Call random() = 6334.000000
setPixelColor(2.000000, 6334.000000)
             Call setPixelColor(2.000000, 6334.000000)
Destruct activation record renderLed
                F_VarRef renderLed.i = 0.000000 (push 1) 2-0
                  Call random() = 26500.000000
setPixelColor(0.000000, 26500.000000)
             Call setPixelColor(0.000000, 26500.000000)
                F_VarRef renderLed.i = 1.000000 (push 1) 2-0
                  Call random() = 19169.000000
setPixelColor(1.000000, 19169.000000)
             Call setPixelColor(1.000000, 19169.000000)
                F_VarRef renderLed.i = 2.000000 (push 1) 2-0
                  Call random() = 15724.000000
setPixelColor(2.000000, 15724.000000)
             Call setPixelColor(2.000000, 15724.000000)
Destruct activation record renderLed
Heap close Arti < 0
Destruct callstack
Destruct valueStack
Heap Destruct Symbol i (0)
Heap Destruct ScopedSymbolTable renderLed (0)
Heap Destruct Symbol renderLed (0)
Heap Destruct ScopedSymbolTable ColorRandom (0)
definitionJson usage  10355 of 16384 (63 %) (24 0 6)
parseTree usage       2283 of 32768 (7 %) (1 0 18)
