setup 0 bytes free
open wled.json 0 ✓
definitionTree 16384 => 0 ✓
open Examples/matrix_2D_pulse.wled 0 ✓
programFile size 336 bytes
parseTree 65536 => 0 ✓
 PROGRAM PROGRAM -> [ID matrix_2D_pulse] 0
 ID matrix_2D_pulse -> [LCURL {] 0
  LCURL { -> [ID PI2] 1
      ID PI2 -> [ASSIGN =] 5
     found varref
       ASSIGN = -> [REAL_CONST 6.28318] 6
     found assignoperator
         REAL_CONST 6.28318 -> [FUNCTION FUNCTION] 8
        found factor
       found term
      found expr
    found assign
   found statement
     FUNCTION FUNCTION -> [ID renderFrame] 4
     ID renderFrame -> [LCURL {] 4
      LCURL { -> [ID t1] 5
          ID t1 -> [ASSIGN =] 9
         found varref
           ASSIGN = -> [ID time] 10
         found assignoperator
              ID time -> [LPAREN (] 13
              LPAREN ( -> [REAL_CONST .05] 13
                  REAL_CONST .05 -> [RPAREN )] 17
                 found factor
                found term
               found expr
              found actuals
              RPAREN ) -> [MUL *] 13
             found call
            found factor
              MUL * -> [ID PI2] 13
               ID PI2 -> [ID t2] 14
               ID PI2 -> [ID t2] 14
              found varref
             found factor
           found term
          found expr
        found assign
       found statement
          ID t2 -> [ASSIGN =] 9
         found varref
           ASSIGN = -> [ID time] 10
         found assignoperator
              ID time -> [LPAREN (] 13
              LPAREN ( -> [REAL_CONST .09] 13
                  REAL_CONST .09 -> [RPAREN )] 17
                 found factor
                found term
               found expr
              found actuals
              RPAREN ) -> [MUL *] 13
             found call
            found factor
              MUL * -> [ID PI2] 13
               ID PI2 -> [ID z] 14
               ID PI2 -> [ID z] 14
              found varref
             found factor
           found term
          found expr
        found assign
       found statement
          ID z -> [ASSIGN =] 9
         found varref
           ASSIGN = -> [INTEGER_CONST 1] 10
         found assignoperator
             INTEGER_CONST 1 -> [PLUS +] 12
            found factor
           found term
             PLUS + -> [ID wave] 12
               ID wave -> [LPAREN (] 14
               LPAREN ( -> [ID time] 14
                    ID time -> [LPAREN (] 19
                    LPAREN ( -> [REAL_CONST .2] 19
                        REAL_CONST .2 -> [RPAREN )] 23
                       found factor
                      found term
                     found expr
                    found actuals
                    RPAREN ) -> [RPAREN )] 19
                   found call
                  found factor
                 found term
                found expr
               found actuals
               RPAREN ) -> [MUL *] 14
              found call
             found factor
               MUL * -> [INTEGER_CONST 5] 14
               INTEGER_CONST 5 -> [ID t3] 14
              found factor
            found term
          found expr
        found assign
       found statement
          ID t3 -> [ASSIGN =] 9
         found varref
           ASSIGN = -> [ID time] 10
         found assignoperator
              ID time -> [LPAREN (] 13
              LPAREN ( -> [REAL_CONST .1] 13
                  REAL_CONST .1 -> [RPAREN )] 17
                 found factor
                found term
               found expr
              found actuals
              RPAREN ) -> [RCURL }] 13
             found call
            found factor
           found term
          found expr
        found assign
       found statement
      RCURL } -> [FUNCTION FUNCTION] 5
     found block
    found function
   found statement
     FUNCTION FUNCTION -> [ID renderLed] 4
     ID renderLed -> [LPAREN (] 4
      LPAREN ( -> [ID x] 5
       ID x -> [COMMA ,] 6
       found formal
        COMMA , -> [ID y] 7
        ID y -> [COMMA ,] 7
        found formal
        COMMA , -> [ID z] 7
        ID z -> [RPAREN )] 7
        found formal
      found formals
      RPAREN ) -> [LCURL {] 5
      LCURL { -> [ID printf] 5
          ID printf -> [LPAREN (] 9
         found varref
         ID printf -> [LPAREN (] 8
         LPAREN ( -> [INTEGER_CONST 99] 8
             INTEGER_CONST 99 -> [COMMA ,] 12
            found factor
           found term
          found expr
           COMMA , -> [ID x] 10
               ID x -> [COMMA ,] 14
               ID x -> [COMMA ,] 14
              found varref
             found factor
            found term
           found expr
           COMMA , -> [ID y] 10
               ID y -> [RPAREN )] 14
               ID y -> [RPAREN )] 14
              found varref
             found factor
            found term
           found expr
         found actuals
         RPAREN ) -> [ID h] 8
        found call
       found statement
          ID h -> [ASSIGN =] 9
         found varref
           ASSIGN = -> [LPAREN (] 10
         found assignoperator
              LPAREN ( -> [INTEGER_CONST 1] 13
                 INTEGER_CONST 1 -> [PLUS +] 16
                found factor
               found term
                 PLUS + -> [ID sin] 16
                   ID sin -> [LPAREN (] 18
                   LPAREN ( -> [ID x] 18
                        ID x -> [DIV /] 23
                        ID x -> [DIV /] 23
                       found varref
                      found factor
                        DIV / -> [ID matrixWidth] 23
                         ID matrixWidth -> [MUL *] 24
                         ID matrixWidth -> [MUL *] 24
                        found varref
                       found factor
                        MUL * -> [ID z] 23
                         ID z -> [PLUS +] 24
                         ID z -> [PLUS +] 24
                        found varref
                       found factor
                     found term
                       PLUS + -> [ID t1] 22
                         ID t1 -> [RPAREN )] 24
                         ID t1 -> [RPAREN )] 24
                        found varref
                       found factor
                      found term
                    found expr
                   found actuals
                   RPAREN ) -> [PLUS +] 18
                  found call
                 found factor
                found term
                 PLUS + -> [ID cos] 16
                   ID cos -> [LPAREN (] 18
                   LPAREN ( -> [ID y] 18
                        ID y -> [DIV /] 23
                        ID y -> [DIV /] 23
                       found varref
                      found factor
                        DIV / -> [ID matrixWidth] 23
                         ID matrixWidth -> [MUL *] 24
                         ID matrixWidth -> [MUL *] 24
                        found varref
                       found factor
                        MUL * -> [ID z] 23
                         ID z -> [PLUS +] 24
                         ID z -> [PLUS +] 24
                        found varref
                       found factor
                     found term
                       PLUS + -> [ID t2] 22
                         ID t2 -> [RPAREN )] 24
                         ID t2 -> [RPAREN )] 24
                        found varref
                       found factor
                      found term
                    found expr
                   found actuals
                   RPAREN ) -> [RPAREN )] 18
                  found call
                 found factor
                found term
              found expr
              RPAREN ) -> [MUL *] 13
            found factor
              MUL * -> [REAL_CONST .5] 13
              REAL_CONST .5 -> [ID v] 13
             found factor
           found term
          found expr
        found assign
       found statement
          ID v -> [ASSIGN =] 9
         found varref
           ASSIGN = -> [ID h] 10
         found assignoperator
              ID h -> [ID v] 13
              ID h -> [ID v] 13
             found varref
            found factor
           found term
          found expr
        found assign
       found statement
          ID v -> [ASSIGN =] 9
         found varref
           ASSIGN = -> [ID v] 10
         found assignoperator
              ID v -> [MUL *] 13
              ID v -> [MUL *] 13
             found varref
            found factor
              MUL * -> [ID v] 13
               ID v -> [MUL *] 14
               ID v -> [MUL *] 14
              found varref
             found factor
              MUL * -> [ID v] 13
               ID v -> [ID leds] 14
               ID v -> [ID leds] 14
              found varref
             found factor
           found term
          found expr
        found assign
       found statement
          ID leds -> [LBRACKET [] 9
           LBRACKET [ -> [ID x] 10
                ID x -> [COMMA ,] 15
                ID x -> [COMMA ,] 15
               found varref
              found factor
             found term
            found expr
             COMMA , -> [ID y] 12
                 ID y -> [RBRACKET ]] 16
                 ID y -> [RBRACKET ]] 16
                found varref
               found factor
              found term
             found expr
           found indices
           RBRACKET ] -> [ASSIGN =] 10
         found varref
           ASSIGN = -> [ID hsv] 10
         found assignoperator
              ID hsv -> [LPAREN (] 13
              LPAREN ( -> [ID h] 13
                   ID h -> [MUL *] 18
                   ID h -> [MUL *] 18
                  found varref
                 found factor
                   MUL * -> [INTEGER_CONST 255] 18
                   INTEGER_CONST 255 -> [COMMA ,] 18
                  found factor
                found term
               found expr
                COMMA , -> [INTEGER_CONST 255] 15
                   INTEGER_CONST 255 -> [COMMA ,] 18
                  found factor
                 found term
                found expr
                COMMA , -> [ID v] 15
                    ID v -> [DIV /] 19
                    ID v -> [DIV /] 19
                   found varref
                  found factor
                    DIV / -> [INTEGER_CONST 2] 19
                    INTEGER_CONST 2 -> [MUL *] 19
                   found factor
                    MUL * -> [INTEGER_CONST 255] 19
                    INTEGER_CONST 255 -> [RPAREN )] 19
                   found factor
                 found term
                found expr
              found actuals
              RPAREN ) -> [RCURL }] 13
             found call
            found factor
           found term
          found expr
        found assign
       found statement
      RCURL } -> [RCURL }] 5
     found block
    found function
   found statement
  RCURL } -> [ ] 1
 found block
Node program Parsed until (20,1) 336 of 336
parse 0 ✓
definitionTree 11885 / 72% (26 0 6)
parseTree      20704 / 31% (1 0 28)
garbageCollect 20704 / 31% -> 14560 / 22%
Destruct Lexer

Optimizer
        node to shrink factor in term : {"factor":{"REAL_CONST":"6.28318"}} from {"term":{"factor":{"REAL_CONST":"6.28318"}},"*":["multiple"]}
                  node to shrink factor in term : {"factor":{"REAL_CONST":".05"}} from {"term":{"factor":{"REAL_CONST":".05"}},"*":["multiple"]}
                  node to shrink factor in term : {"factor":{"REAL_CONST":".09"}} from {"term":{"factor":{"REAL_CONST":".09"}},"*":["multiple"]}
             node to shrink factor in term : {"factor":{"INTEGER_CONST":"1"}} from {"term":{"factor":{"INTEGER_CONST":"1"}},"*":["multiple",{"PLUS":"+"},{"term":{"factor":{"call":{"ID":"wave","actuals":{"expr":{"term":{"factor":{"call":{"ID":"time","actuals":{"expr":{"term":{"factor":{"REAL_CONST":".2"},"*":["multiple"]},"*":["multiple"]},"*":["multiple"]}}},"*":["multiple"]},"*":["multiple"]},"*":["multiple"]}}},"*":["multiple",{"MUL":"*"},{"factor":{"INTEGER_CONST":"5"}}]}}]}
                         node to shrink factor in term : {"factor":{"REAL_CONST":".2"}} from {"term":{"factor":{"REAL_CONST":".2"}},"*":["multiple"]}
                    node to shrink factor in term : {"factor":{"call":{"ID":"time","actuals":{"expr":{"term":{"REAL_CONST":".2"}}}}}} from {"term":{"factor":{"call":{"ID":"time","actuals":{"expr":{"term":{"REAL_CONST":".2"}}}}}},"*":["multiple"]}
                  node to shrink factor in term : {"factor":{"REAL_CONST":".1"}} from {"term":{"factor":{"REAL_CONST":".1"}},"*":["multiple"]}
             node to shrink factor in term : {"factor":{"call":{"ID":"time","actuals":{"expr":{"term":{"REAL_CONST":".1"}}}}}} from {"term":{"factor":{"call":{"ID":"time","actuals":{"expr":{"term":{"REAL_CONST":".1"}}}}}},"*":["multiple"]}
              node to shrink factor in term : {"factor":{"INTEGER_CONST":"99"}} from {"term":{"factor":{"INTEGER_CONST":"99"}},"*":["multiple"]}
                node to shrink factor in term : {"factor":{"varref":{"ID":"x"}}} from {"term":{"factor":{"varref":{"ID":"x"}}},"*":["multiple"]}
                node to shrink factor in term : {"factor":{"varref":{"ID":"y"}}} from {"term":{"factor":{"varref":{"ID":"y"}}},"*":["multiple"]}
                node to shrink factor in term : {"factor":{"INTEGER_CONST":"1"}} from {"term":{"factor":{"INTEGER_CONST":"1"}},"*":["multiple",{"PLUS":"+"},{"term":{"factor":{"call":{"ID":"sin","actuals":{"expr":{"term":{"factor":{"varref":{"ID":"x"}},"*":["multiple",{"DIV":"/"},{"factor":{"varref":{"ID":"matrixWidth"}}},{"MUL":"*"},{"factor":{"varref":{"ID":"z"}}}]},"*":["multiple",{"PLUS":"+"},{"term":{"factor":{"varref":{"ID":"t1"}},"*":["multiple"]}}]},"*":["multiple"]}}},"*":["multiple"]}},{"PLUS":"+"},{"term":{"factor":{"call":{"ID":"cos","actuals":{"expr":{"term":{"factor":{"varref":{"ID":"y"}},"*":["multiple",{"DIV":"/"},{"factor":{"varref":{"ID":"matrixWidth"}}},{"MUL":"*"},{"factor":{"varref":{"ID":"z"}}}]},"*":["multiple",{"PLUS":"+"},{"term":{"factor":{"varref":{"ID":"t2"}},"*":["multiple"]}}]},"*":["multiple"]}}},"*":["multiple"]}}]}
                         node to shrink factor in term : {"factor":{"varref":{"ID":"t1"}}} from {"term":{"factor":{"varref":{"ID":"t1"}}}}
                  node to shrink factor in term : {"factor":{"call":{"ID":"sin","actuals":{"expr":{"term":{"factor":{"varref":{"ID":"x"}},"*":[{"DIV":"/"},{"factor":{"varref":{"ID":"matrixWidth"}}},{"MUL":"*"},{"factor":{"varref":{"ID":"z"}}}]},"*":[{"PLUS":"+"},{"term":{"varref":{"ID":"t1"}}}]}}}}} from {"term":{"factor":{"call":{"ID":"sin","actuals":{"expr":{"term":{"factor":{"varref":{"ID":"x"}},"*":[{"DIV":"/"},{"factor":{"varref":{"ID":"matrixWidth"}}},{"MUL":"*"},{"factor":{"varref":{"ID":"z"}}}]},"*":[{"PLUS":"+"},{"term":{"varref":{"ID":"t1"}}}]}}}}}}
                         node to shrink factor in term : {"factor":{"varref":{"ID":"t2"}}} from {"term":{"factor":{"varref":{"ID":"t2"}}}}
                  node to shrink factor in term : {"factor":{"call":{"ID":"cos","actuals":{"expr":{"term":{"factor":{"varref":{"ID":"y"}},"*":[{"DIV":"/"},{"factor":{"varref":{"ID":"matrixWidth"}}},{"MUL":"*"},{"factor":{"varref":{"ID":"z"}}}]},"*":[{"PLUS":"+"},{"term":{"varref":{"ID":"t2"}}}]}}}}} from {"term":{"factor":{"call":{"ID":"cos","actuals":{"expr":{"term":{"factor":{"varref":{"ID":"y"}},"*":[{"DIV":"/"},{"factor":{"varref":{"ID":"matrixWidth"}}},{"MUL":"*"},{"factor":{"varref":{"ID":"z"}}}]},"*":[{"PLUS":"+"},{"term":{"varref":{"ID":"t2"}}}]}}}}}}
             node to shrink factor in term : {"factor":{"varref":{"ID":"h"}}} from {"term":{"factor":{"varref":{"ID":"h"}}},"*":["multiple"]}
               node to shrink factor in term : {"factor":{"varref":{"ID":"x"}}} from {"term":{"factor":{"varref":{"ID":"x"}}},"*":["multiple"]}
                 node to shrink factor in term : {"factor":{"varref":{"ID":"y"}}} from {"term":{"factor":{"varref":{"ID":"y"}}},"*":["multiple"]}
                    node to shrink factor in term : {"factor":{"INTEGER_CONST":"255"}} from {"term":{"factor":{"INTEGER_CONST":"255"}},"*":["multiple"]}
             node to shrink factor in term : {"factor":{"call":{"ID":"hsv","actuals":{"expr":{"term":{"factor":{"varref":{"ID":"h"}},"*":[{"MUL":"*"},{"factor":{"INTEGER_CONST":"255"}}]}},"*":[{"expr":{"term":{"INTEGER_CONST":"255"}}},{"expr":{"term":{"factor":{"varref":{"ID":"v"}},"*":[{"DIV":"/"},{"factor":{"INTEGER_CONST":"2"}},{"MUL":"*"},{"factor":{"INTEGER_CONST":"255"}}]}}}]}}}} from {"term":{"factor":{"call":{"ID":"hsv","actuals":{"expr":{"term":{"factor":{"varref":{"ID":"h"}},"*":[{"MUL":"*"},{"factor":{"INTEGER_CONST":"255"}}]}},"*":[{"expr":{"term":{"INTEGER_CONST":"255"}}},{"expr":{"term":{"factor":{"varref":{"ID":"v"}},"*":[{"DIV":"/"},{"factor":{"INTEGER_CONST":"2"}},{"MUL":"*"},{"factor":{"INTEGER_CONST":"255"}}]}}}]}}}},"*":["multiple"]}
optimize 0 ✓
garbageCollect 18624 / 28% -> 10016 / 15%

Analyzer
 Program matrix_2D_pulse 1 0
     assign matrix_2D_pulse.PI2 of notype
     assign PI2 = (4)
     Function matrix_2D_pulse.renderFrame
         assign matrix_2D_pulse.t1 of notype
         assign t1 = (8)
             Ext Function found time (12)
               VarRef found matrix_2D_pulse.PI2 (14)
         assign matrix_2D_pulse.t2 of notype
         assign t2 = (8)
             Ext Function found time (12)
               VarRef found matrix_2D_pulse.PI2 (14)
         assign matrix_2D_pulse.z of notype
         assign z = (8)
               Ext Function found wave (14)
                  Ext Function found time (17)
         assign matrix_2D_pulse.t3 of notype
         assign t3 = (8)
            Ext Function found time (11)
     Function matrix_2D_pulse.renderLed
      formal renderLed.x of notype
        formal renderLed.y of notype
        formal renderLed.z of notype
         Ext Function found printf (8)
              VarRef found renderLed.x (13)
              VarRef found renderLed.y (13)
         assign matrix_2D_pulse.h of notype
         assign h = (8)
                 Ext Function found sin (16)
                     VarRef found renderLed.x (20)
                       Ext Variable found matrixWidth (22) varref
                       VarRef found renderLed.z (22)
                      VarRef found matrix_2D_pulse.t1 (21)
                 Ext Function found cos (16)
                     VarRef found renderLed.y (20)
                       Ext Variable found matrixWidth (22) varref
                       VarRef found renderLed.z (22)
                      VarRef found matrix_2D_pulse.t2 (21)
         assign matrix_2D_pulse.v of notype
         assign v = (8)
            VarRef found matrix_2D_pulse.h (11)
         assign v = (8)
             VarRef found matrix_2D_pulse.v (12)
               VarRef found matrix_2D_pulse.v (14)
               VarRef found matrix_2D_pulse.v (14)
             VarRef found renderLed.x (12)
               VarRef found renderLed.y (14)
         Ext Variable found leds (8) assign
         assign leds = (8)
            Ext Function found hsv (11)
                VarRef found matrix_2D_pulse.h (15)
                  VarRef found matrix_2D_pulse.v (17)
     0 formal renderLed.x of 9 (2)
     1 formal renderLed.y of 9 (2)
     2 formal renderLed.z of 9 (2)
 0 assign matrix_2D_pulse.PI2 of 9 (1)
 1 function matrix_2D_pulse.renderFrame of 9 (1)
 2 assign matrix_2D_pulse.t1 of 9 (1)
 3 assign matrix_2D_pulse.t2 of 9 (1)
 4 assign matrix_2D_pulse.z of 9 (1)
 5 assign matrix_2D_pulse.t3 of 9 (1)
 6 function matrix_2D_pulse.renderLed of 9 (1)
 7 assign matrix_2D_pulse.h of 9 (1)
 8 assign matrix_2D_pulse.v of 9 (1)
analyze 0 ✓
garbageCollect 13280 / 20% -> 13280 / 20%

interpret matrix_2D_pulse 1 9
 program matrix_2D_pulse
        REAL_CONST 6.28318 (Push 1)
     matrix_2D_pulse.PI2 := 6.283180 (pop 0) 1-0
     Save block of renderFrame
     Save block of renderLed
Interpret main 0 ✓
         Call renderFrame (1)
                    REAL_CONST .05 (Push 1)
                 Call time(0.050000) = 0.305180 (Pop 0, Push 1)
                  MUL * (Push 2)
                   varref matrix_2D_pulse.PI2 = 6.283180 (push 3) 1-0
               0.305180 * 6.283180 = 1.917504 (pop 0, push 1)
             matrix_2D_pulse.t1 := 1.917504 (pop 0) 1-2
                    REAL_CONST .09 (Push 1)
                 Call time(0.090000) = 0.169545 (Pop 0, Push 1)
                  MUL * (Push 2)
                   varref matrix_2D_pulse.PI2 = 6.283180 (push 3) 1-0
               0.169545 * 6.283180 = 1.065280 (pop 0, push 1)
             matrix_2D_pulse.t2 := 1.065280 (pop 0) 1-3
                INTEGER_CONST 1 (Push 1)
                 PLUS + (Push 2)
                         REAL_CONST .2 (Push 3)
                      Call time(0.200000) = 0.076295 (Pop 2, Push 3)
                   Call wave(0.076295) = 0.730613 (Pop 2, Push 3)
                    MUL * (Push 4)
                     INTEGER_CONST 5 (Push 5)
                 0.730613 * 5.000000 = 3.653065 (pop 2, push 3)
              1.000000 + 3.653065 = 4.653065 (pop 0, push 1)
             matrix_2D_pulse.z := 4.653065 (pop 0) 1-4
                   REAL_CONST .1 (Push 1)
                Call time(0.100000) = 0.152590 (Pop 0, Push 1)
             matrix_2D_pulse.t3 := 0.152590 (pop 0) 1-5
Destruct activation record renderFrame
                INTEGER_CONST 99 (Push 1)
                  varref renderLed.x = 0.000000 (push 2) 2-0
                  varref renderLed.y = 0.000000 (push 3) 2-1
99.000000, 0.000000, 0.000000
             Call printf(99.000000, 0.000000, 0.000000) (Pop 0)
                   INTEGER_CONST 1 (Push 1)
                    PLUS + (Push 2)
                         varref renderLed.x = 0.000000 (push 3) 2-0
                          DIV / (Push 4)
                           varref ext.matrixWidth = 2.000000 (push 5)
                          MUL * (Push 6)
                           varref renderLed.z = 0.000000 (push 7) 2-2
                       0.000000 / 2.000000 = 0.000000 (pop 4, push 5)
                       0.000000 * 0.000000 = 0.000000 (pop 2, push 3)
                         PLUS + (Push 4)
                          varref matrix_2D_pulse.t1 = 1.917504 (push 5) 1-2
                      0.000000 + 1.917504 = 1.917504 (pop 2, push 3)
                     Call sin(1.917504) = 0.940497 (Pop 2, Push 3)
                    PLUS + (Push 4)
                         varref renderLed.y = 0.000000 (push 5) 2-1
                          DIV / (Push 6)
                           varref ext.matrixWidth = 2.000000 (push 7)
                          MUL * (Push 8)
                           varref renderLed.z = 0.000000 (push 9) 2-2
                       0.000000 / 2.000000 = 0.000000 (pop 6, push 7)
                       0.000000 * 0.000000 = 0.000000 (pop 4, push 5)
                         PLUS + (Push 6)
                          varref matrix_2D_pulse.t2 = 1.065280 (push 7) 1-3
                      0.000000 + 1.065280 = 1.065280 (pop 4, push 5)
                     Call cos(1.065280) = 0.484259 (Pop 4, Push 5)
                 1.000000 + 0.940497 = 1.940497 (pop 2, push 3)
                 1.940497 + 0.484259 = 2.424756 (pop 0, push 1)
                  MUL * (Push 2)
                   REAL_CONST .5 (Push 3)
               2.424756 * 0.500000 = 1.212378 (pop 0, push 1)
             matrix_2D_pulse.h := 1.212378 (pop 0) 1-7
                varref matrix_2D_pulse.h = 1.212378 (push 1) 1-7
             matrix_2D_pulse.v := 1.212378 (pop 0) 1-8
                 varref matrix_2D_pulse.v = 1.212378 (push 1) 1-8
                  MUL * (Push 2)
                   varref matrix_2D_pulse.v = 1.212378 (push 3) 1-8
                  MUL * (Push 4)
                   varref matrix_2D_pulse.v = 1.212378 (push 5) 1-8
               1.212378 * 1.212378 = 1.469860 (pop 2, push 3)
               1.469860 * 1.212378 = 1.782027 (pop 0, push 1)
             matrix_2D_pulse.v := 1.782027 (pop 0) 1-8
                    varref matrix_2D_pulse.h = 1.212378 (push 1) 1-7
                     MUL * (Push 2)
                      INTEGER_CONST 255 (Push 3)
                  1.212378 * 255.000000 = 309.156403 (pop 0, push 1)
                     INTEGER_CONST 255 (Push 2)
                      varref matrix_2D_pulse.v = 1.782027 (push 3) 1-8
                       DIV / (Push 4)
                        INTEGER_CONST 2 (Push 5)
                       MUL * (Push 6)
                        INTEGER_CONST 255 (Push 7)
                    1.782027 / 2.000000 = 0.891013 (pop 4, push 5)
                    0.891013 * 255.000000 = 227.208389 (pop 2, push 3)
hsv(309.156403, 255.000000, 227.208389)
                Call hsv(309.156403, 255.000000, 227.208389) = 791.364746 (Pop 0, Push 1)
                 varref renderLed.x = 0.000000 (push 1) 2-0
                   varref renderLed.y = 0.000000 (push 2) 2-1
arti_set_external_variable: leds(0.000000, 0.000000) := 791.364746
             assign set ext.leds[0.000000,0.000000] = 791.364746 (Pop 0)
                INTEGER_CONST 99 (Push 1)
                  varref renderLed.x = 1.000000 (push 2) 2-0
                  varref renderLed.y = 0.000000 (push 3) 2-1
99.000000, 1.000000, 0.000000
             Call printf(99.000000, 1.000000, 0.000000) (Pop 0)
                   INTEGER_CONST 1 (Push 1)
                    PLUS + (Push 2)
                         varref renderLed.x = 1.000000 (push 3) 2-0
                          DIV / (Push 4)
                           varref ext.matrixWidth = 2.000000 (push 5)
                          MUL * (Push 6)
                           varref renderLed.z = 0.000000 (push 7) 2-2
                       1.000000 / 2.000000 = 0.500000 (pop 4, push 5)
                       0.500000 * 0.000000 = 0.000000 (pop 2, push 3)
                         PLUS + (Push 4)
                          varref matrix_2D_pulse.t1 = 1.917504 (push 5) 1-2
                      0.000000 + 1.917504 = 1.917504 (pop 2, push 3)
                     Call sin(1.917504) = 0.940497 (Pop 2, Push 3)
                    PLUS + (Push 4)
                         varref renderLed.y = 0.000000 (push 5) 2-1
                          DIV / (Push 6)
                           varref ext.matrixWidth = 2.000000 (push 7)
                          MUL * (Push 8)
                           varref renderLed.z = 0.000000 (push 9) 2-2
                       0.000000 / 2.000000 = 0.000000 (pop 6, push 7)
                       0.000000 * 0.000000 = 0.000000 (pop 4, push 5)
                         PLUS + (Push 6)
                          varref matrix_2D_pulse.t2 = 1.065280 (push 7) 1-3
                      0.000000 + 1.065280 = 1.065280 (pop 4, push 5)
                     Call cos(1.065280) = 0.484259 (Pop 4, Push 5)
                 1.000000 + 0.940497 = 1.940497 (pop 2, push 3)
                 1.940497 + 0.484259 = 2.424756 (pop 0, push 1)
                  MUL * (Push 2)
                   REAL_CONST .5 (Push 3)
               2.424756 * 0.500000 = 1.212378 (pop 0, push 1)
             matrix_2D_pulse.h := 1.212378 (pop 0) 1-7
                varref matrix_2D_pulse.h = 1.212378 (push 1) 1-7
             matrix_2D_pulse.v := 1.212378 (pop 0) 1-8
                 varref matrix_2D_pulse.v = 1.212378 (push 1) 1-8
                  MUL * (Push 2)
                   varref matrix_2D_pulse.v = 1.212378 (push 3) 1-8
                  MUL * (Push 4)
                   varref matrix_2D_pulse.v = 1.212378 (push 5) 1-8
               1.212378 * 1.212378 = 1.469860 (pop 2, push 3)
               1.469860 * 1.212378 = 1.782027 (pop 0, push 1)
             matrix_2D_pulse.v := 1.782027 (pop 0) 1-8
                    varref matrix_2D_pulse.h = 1.212378 (push 1) 1-7
                     MUL * (Push 2)
                      INTEGER_CONST 255 (Push 3)
                  1.212378 * 255.000000 = 309.156403 (pop 0, push 1)
                     INTEGER_CONST 255 (Push 2)
                      varref matrix_2D_pulse.v = 1.782027 (push 3) 1-8
                       DIV / (Push 4)
                        INTEGER_CONST 2 (Push 5)
                       MUL * (Push 6)
                        INTEGER_CONST 255 (Push 7)
                    1.782027 / 2.000000 = 0.891013 (pop 4, push 5)
                    0.891013 * 255.000000 = 227.208389 (pop 2, push 3)
hsv(309.156403, 255.000000, 227.208389)
                Call hsv(309.156403, 255.000000, 227.208389) = 791.364746 (Pop 0, Push 1)
                 varref renderLed.x = 1.000000 (push 1) 2-0
                   varref renderLed.y = 0.000000 (push 2) 2-1
arti_set_external_variable: leds(1.000000, 0.000000) := 791.364746
             assign set ext.leds[1.000000,0.000000] = 791.364746 (Pop 0)
                INTEGER_CONST 99 (Push 1)
                  varref renderLed.x = 2.000000 (push 2) 2-0
                  varref renderLed.y = 0.000000 (push 3) 2-1
99.000000, 2.000000, 0.000000
             Call printf(99.000000, 2.000000, 0.000000) (Pop 0)
                   INTEGER_CONST 1 (Push 1)
                    PLUS + (Push 2)
                         varref renderLed.x = 2.000000 (push 3) 2-0
                          DIV / (Push 4)
                           varref ext.matrixWidth = 2.000000 (push 5)
                          MUL * (Push 6)
                           varref renderLed.z = 0.000000 (push 7) 2-2
                       2.000000 / 2.000000 = 1.000000 (pop 4, push 5)
                       1.000000 * 0.000000 = 0.000000 (pop 2, push 3)
                         PLUS + (Push 4)
                          varref matrix_2D_pulse.t1 = 1.917504 (push 5) 1-2
                      0.000000 + 1.917504 = 1.917504 (pop 2, push 3)
                     Call sin(1.917504) = 0.940497 (Pop 2, Push 3)
                    PLUS + (Push 4)
                         varref renderLed.y = 0.000000 (push 5) 2-1
                          DIV / (Push 6)
                           varref ext.matrixWidth = 2.000000 (push 7)
                          MUL * (Push 8)
                           varref renderLed.z = 0.000000 (push 9) 2-2
                       0.000000 / 2.000000 = 0.000000 (pop 6, push 7)
                       0.000000 * 0.000000 = 0.000000 (pop 4, push 5)
                         PLUS + (Push 6)
                          varref matrix_2D_pulse.t2 = 1.065280 (push 7) 1-3
                      0.000000 + 1.065280 = 1.065280 (pop 4, push 5)
                     Call cos(1.065280) = 0.484259 (Pop 4, Push 5)
                 1.000000 + 0.940497 = 1.940497 (pop 2, push 3)
                 1.940497 + 0.484259 = 2.424756 (pop 0, push 1)
                  MUL * (Push 2)
                   REAL_CONST .5 (Push 3)
               2.424756 * 0.500000 = 1.212378 (pop 0, push 1)
             matrix_2D_pulse.h := 1.212378 (pop 0) 1-7
                varref matrix_2D_pulse.h = 1.212378 (push 1) 1-7
             matrix_2D_pulse.v := 1.212378 (pop 0) 1-8
                 varref matrix_2D_pulse.v = 1.212378 (push 1) 1-8
                  MUL * (Push 2)
                   varref matrix_2D_pulse.v = 1.212378 (push 3) 1-8
                  MUL * (Push 4)
                   varref matrix_2D_pulse.v = 1.212378 (push 5) 1-8
               1.212378 * 1.212378 = 1.469860 (pop 2, push 3)
               1.469860 * 1.212378 = 1.782027 (pop 0, push 1)
             matrix_2D_pulse.v := 1.782027 (pop 0) 1-8
                    varref matrix_2D_pulse.h = 1.212378 (push 1) 1-7
                     MUL * (Push 2)
                      INTEGER_CONST 255 (Push 3)
                  1.212378 * 255.000000 = 309.156403 (pop 0, push 1)
                     INTEGER_CONST 255 (Push 2)
                      varref matrix_2D_pulse.v = 1.782027 (push 3) 1-8
                       DIV / (Push 4)
                        INTEGER_CONST 2 (Push 5)
                       MUL * (Push 6)
                        INTEGER_CONST 255 (Push 7)
                    1.782027 / 2.000000 = 0.891013 (pop 4, push 5)
                    0.891013 * 255.000000 = 227.208389 (pop 2, push 3)
hsv(309.156403, 255.000000, 227.208389)
                Call hsv(309.156403, 255.000000, 227.208389) = 791.364746 (Pop 0, Push 1)
                 varref renderLed.x = 2.000000 (push 1) 2-0
                   varref renderLed.y = 0.000000 (push 2) 2-1
arti_set_external_variable: leds(2.000000, 0.000000) := 791.364746
             assign set ext.leds[2.000000,0.000000] = 791.364746 (Pop 0)
Destruct activation record renderLed
setPixels(leds)
         Call renderFrame (1)
                    REAL_CONST .05 (Push 1)
                 Call time(0.050000) = 0.305180 (Pop 0, Push 1)
                  MUL * (Push 2)
                   varref matrix_2D_pulse.PI2 = 6.283180 (push 3) 1-0
               0.305180 * 6.283180 = 1.917504 (pop 0, push 1)
             matrix_2D_pulse.t1 := 1.917504 (pop 0) 1-2
                    REAL_CONST .09 (Push 1)
                 Call time(0.090000) = 0.169545 (Pop 0, Push 1)
                  MUL * (Push 2)
                   varref matrix_2D_pulse.PI2 = 6.283180 (push 3) 1-0
               0.169545 * 6.283180 = 1.065280 (pop 0, push 1)
             matrix_2D_pulse.t2 := 1.065280 (pop 0) 1-3
                INTEGER_CONST 1 (Push 1)
                 PLUS + (Push 2)
                         REAL_CONST .2 (Push 3)
                      Call time(0.200000) = 0.076295 (Pop 2, Push 3)
                   Call wave(0.076295) = 0.730613 (Pop 2, Push 3)
                    MUL * (Push 4)
                     INTEGER_CONST 5 (Push 5)
                 0.730613 * 5.000000 = 3.653065 (pop 2, push 3)
              1.000000 + 3.653065 = 4.653065 (pop 0, push 1)
             matrix_2D_pulse.z := 4.653065 (pop 0) 1-4
                   REAL_CONST .1 (Push 1)
                Call time(0.100000) = 0.152590 (Pop 0, Push 1)
             matrix_2D_pulse.t3 := 0.152590 (pop 0) 1-5
Destruct activation record renderFrame
                INTEGER_CONST 99 (Push 1)
                  varref renderLed.x = 0.000000 (push 2) 2-0
                  varref renderLed.y = 0.000000 (push 3) 2-1
99.000000, 0.000000, 0.000000
             Call printf(99.000000, 0.000000, 0.000000) (Pop 0)
                   INTEGER_CONST 1 (Push 1)
                    PLUS + (Push 2)
                         varref renderLed.x = 0.000000 (push 3) 2-0
                          DIV / (Push 4)
                           varref ext.matrixWidth = 2.000000 (push 5)
                          MUL * (Push 6)
                           varref renderLed.z = 0.000000 (push 7) 2-2
                       0.000000 / 2.000000 = 0.000000 (pop 4, push 5)
                       0.000000 * 0.000000 = 0.000000 (pop 2, push 3)
                         PLUS + (Push 4)
                          varref matrix_2D_pulse.t1 = 1.917504 (push 5) 1-2
                      0.000000 + 1.917504 = 1.917504 (pop 2, push 3)
                     Call sin(1.917504) = 0.940497 (Pop 2, Push 3)
                    PLUS + (Push 4)
                         varref renderLed.y = 0.000000 (push 5) 2-1
                          DIV / (Push 6)
                           varref ext.matrixWidth = 2.000000 (push 7)
                          MUL * (Push 8)
                           varref renderLed.z = 0.000000 (push 9) 2-2
                       0.000000 / 2.000000 = 0.000000 (pop 6, push 7)
                       0.000000 * 0.000000 = 0.000000 (pop 4, push 5)
                         PLUS + (Push 6)
                          varref matrix_2D_pulse.t2 = 1.065280 (push 7) 1-3
                      0.000000 + 1.065280 = 1.065280 (pop 4, push 5)
                     Call cos(1.065280) = 0.484259 (Pop 4, Push 5)
                 1.000000 + 0.940497 = 1.940497 (pop 2, push 3)
                 1.940497 + 0.484259 = 2.424756 (pop 0, push 1)
                  MUL * (Push 2)
                   REAL_CONST .5 (Push 3)
               2.424756 * 0.500000 = 1.212378 (pop 0, push 1)
             matrix_2D_pulse.h := 1.212378 (pop 0) 1-7
                varref matrix_2D_pulse.h = 1.212378 (push 1) 1-7
             matrix_2D_pulse.v := 1.212378 (pop 0) 1-8
                 varref matrix_2D_pulse.v = 1.212378 (push 1) 1-8
                  MUL * (Push 2)
                   varref matrix_2D_pulse.v = 1.212378 (push 3) 1-8
                  MUL * (Push 4)
                   varref matrix_2D_pulse.v = 1.212378 (push 5) 1-8
               1.212378 * 1.212378 = 1.469860 (pop 2, push 3)
               1.469860 * 1.212378 = 1.782027 (pop 0, push 1)
             matrix_2D_pulse.v := 1.782027 (pop 0) 1-8
                    varref matrix_2D_pulse.h = 1.212378 (push 1) 1-7
                     MUL * (Push 2)
                      INTEGER_CONST 255 (Push 3)
                  1.212378 * 255.000000 = 309.156403 (pop 0, push 1)
                     INTEGER_CONST 255 (Push 2)
                      varref matrix_2D_pulse.v = 1.782027 (push 3) 1-8
                       DIV / (Push 4)
                        INTEGER_CONST 2 (Push 5)
                       MUL * (Push 6)
                        INTEGER_CONST 255 (Push 7)
                    1.782027 / 2.000000 = 0.891013 (pop 4, push 5)
                    0.891013 * 255.000000 = 227.208389 (pop 2, push 3)
hsv(309.156403, 255.000000, 227.208389)
                Call hsv(309.156403, 255.000000, 227.208389) = 791.364746 (Pop 0, Push 1)
                 varref renderLed.x = 0.000000 (push 1) 2-0
                   varref renderLed.y = 0.000000 (push 2) 2-1
arti_set_external_variable: leds(0.000000, 0.000000) := 791.364746
             assign set ext.leds[0.000000,0.000000] = 791.364746 (Pop 0)
                INTEGER_CONST 99 (Push 1)
                  varref renderLed.x = 1.000000 (push 2) 2-0
                  varref renderLed.y = 0.000000 (push 3) 2-1
99.000000, 1.000000, 0.000000
             Call printf(99.000000, 1.000000, 0.000000) (Pop 0)
                   INTEGER_CONST 1 (Push 1)
                    PLUS + (Push 2)
                         varref renderLed.x = 1.000000 (push 3) 2-0
                          DIV / (Push 4)
                           varref ext.matrixWidth = 2.000000 (push 5)
                          MUL * (Push 6)
                           varref renderLed.z = 0.000000 (push 7) 2-2
                       1.000000 / 2.000000 = 0.500000 (pop 4, push 5)
                       0.500000 * 0.000000 = 0.000000 (pop 2, push 3)
                         PLUS + (Push 4)
                          varref matrix_2D_pulse.t1 = 1.917504 (push 5) 1-2
                      0.000000 + 1.917504 = 1.917504 (pop 2, push 3)
                     Call sin(1.917504) = 0.940497 (Pop 2, Push 3)
                    PLUS + (Push 4)
                         varref renderLed.y = 0.000000 (push 5) 2-1
                          DIV / (Push 6)
                           varref ext.matrixWidth = 2.000000 (push 7)
                          MUL * (Push 8)
                           varref renderLed.z = 0.000000 (push 9) 2-2
                       0.000000 / 2.000000 = 0.000000 (pop 6, push 7)
                       0.000000 * 0.000000 = 0.000000 (pop 4, push 5)
                         PLUS + (Push 6)
                          varref matrix_2D_pulse.t2 = 1.065280 (push 7) 1-3
                      0.000000 + 1.065280 = 1.065280 (pop 4, push 5)
                     Call cos(1.065280) = 0.484259 (Pop 4, Push 5)
                 1.000000 + 0.940497 = 1.940497 (pop 2, push 3)
                 1.940497 + 0.484259 = 2.424756 (pop 0, push 1)
                  MUL * (Push 2)
                   REAL_CONST .5 (Push 3)
               2.424756 * 0.500000 = 1.212378 (pop 0, push 1)
             matrix_2D_pulse.h := 1.212378 (pop 0) 1-7
                varref matrix_2D_pulse.h = 1.212378 (push 1) 1-7
             matrix_2D_pulse.v := 1.212378 (pop 0) 1-8
                 varref matrix_2D_pulse.v = 1.212378 (push 1) 1-8
                  MUL * (Push 2)
                   varref matrix_2D_pulse.v = 1.212378 (push 3) 1-8
                  MUL * (Push 4)
                   varref matrix_2D_pulse.v = 1.212378 (push 5) 1-8
               1.212378 * 1.212378 = 1.469860 (pop 2, push 3)
               1.469860 * 1.212378 = 1.782027 (pop 0, push 1)
             matrix_2D_pulse.v := 1.782027 (pop 0) 1-8
                    varref matrix_2D_pulse.h = 1.212378 (push 1) 1-7
                     MUL * (Push 2)
                      INTEGER_CONST 255 (Push 3)
                  1.212378 * 255.000000 = 309.156403 (pop 0, push 1)
                     INTEGER_CONST 255 (Push 2)
                      varref matrix_2D_pulse.v = 1.782027 (push 3) 1-8
                       DIV / (Push 4)
                        INTEGER_CONST 2 (Push 5)
                       MUL * (Push 6)
                        INTEGER_CONST 255 (Push 7)
                    1.782027 / 2.000000 = 0.891013 (pop 4, push 5)
                    0.891013 * 255.000000 = 227.208389 (pop 2, push 3)
hsv(309.156403, 255.000000, 227.208389)
                Call hsv(309.156403, 255.000000, 227.208389) = 791.364746 (Pop 0, Push 1)
                 varref renderLed.x = 1.000000 (push 1) 2-0
                   varref renderLed.y = 0.000000 (push 2) 2-1
arti_set_external_variable: leds(1.000000, 0.000000) := 791.364746
             assign set ext.leds[1.000000,0.000000] = 791.364746 (Pop 0)
                INTEGER_CONST 99 (Push 1)
                  varref renderLed.x = 2.000000 (push 2) 2-0
                  varref renderLed.y = 0.000000 (push 3) 2-1
99.000000, 2.000000, 0.000000
             Call printf(99.000000, 2.000000, 0.000000) (Pop 0)
                   INTEGER_CONST 1 (Push 1)
                    PLUS + (Push 2)
                         varref renderLed.x = 2.000000 (push 3) 2-0
                          DIV / (Push 4)
                           varref ext.matrixWidth = 2.000000 (push 5)
                          MUL * (Push 6)
                           varref renderLed.z = 0.000000 (push 7) 2-2
                       2.000000 / 2.000000 = 1.000000 (pop 4, push 5)
                       1.000000 * 0.000000 = 0.000000 (pop 2, push 3)
                         PLUS + (Push 4)
                          varref matrix_2D_pulse.t1 = 1.917504 (push 5) 1-2
                      0.000000 + 1.917504 = 1.917504 (pop 2, push 3)
                     Call sin(1.917504) = 0.940497 (Pop 2, Push 3)
                    PLUS + (Push 4)
                         varref renderLed.y = 0.000000 (push 5) 2-1
                          DIV / (Push 6)
                           varref ext.matrixWidth = 2.000000 (push 7)
                          MUL * (Push 8)
                           varref renderLed.z = 0.000000 (push 9) 2-2
                       0.000000 / 2.000000 = 0.000000 (pop 6, push 7)
                       0.000000 * 0.000000 = 0.000000 (pop 4, push 5)
                         PLUS + (Push 6)
                          varref matrix_2D_pulse.t2 = 1.065280 (push 7) 1-3
                      0.000000 + 1.065280 = 1.065280 (pop 4, push 5)
                     Call cos(1.065280) = 0.484259 (Pop 4, Push 5)
                 1.000000 + 0.940497 = 1.940497 (pop 2, push 3)
                 1.940497 + 0.484259 = 2.424756 (pop 0, push 1)
                  MUL * (Push 2)
                   REAL_CONST .5 (Push 3)
               2.424756 * 0.500000 = 1.212378 (pop 0, push 1)
             matrix_2D_pulse.h := 1.212378 (pop 0) 1-7
                varref matrix_2D_pulse.h = 1.212378 (push 1) 1-7
             matrix_2D_pulse.v := 1.212378 (pop 0) 1-8
                 varref matrix_2D_pulse.v = 1.212378 (push 1) 1-8
                  MUL * (Push 2)
                   varref matrix_2D_pulse.v = 1.212378 (push 3) 1-8
                  MUL * (Push 4)
                   varref matrix_2D_pulse.v = 1.212378 (push 5) 1-8
               1.212378 * 1.212378 = 1.469860 (pop 2, push 3)
               1.469860 * 1.212378 = 1.782027 (pop 0, push 1)
             matrix_2D_pulse.v := 1.782027 (pop 0) 1-8
                    varref matrix_2D_pulse.h = 1.212378 (push 1) 1-7
                     MUL * (Push 2)
                      INTEGER_CONST 255 (Push 3)
                  1.212378 * 255.000000 = 309.156403 (pop 0, push 1)
                     INTEGER_CONST 255 (Push 2)
                      varref matrix_2D_pulse.v = 1.782027 (push 3) 1-8
                       DIV / (Push 4)
                        INTEGER_CONST 2 (Push 5)
                       MUL * (Push 6)
                        INTEGER_CONST 255 (Push 7)
                    1.782027 / 2.000000 = 0.891013 (pop 4, push 5)
                    0.891013 * 255.000000 = 227.208389 (pop 2, push 3)
hsv(309.156403, 255.000000, 227.208389)
                Call hsv(309.156403, 255.000000, 227.208389) = 791.364746 (Pop 0, Push 1)
                 varref renderLed.x = 2.000000 (push 1) 2-0
                   varref renderLed.y = 0.000000 (push 2) 2-1
arti_set_external_variable: leds(2.000000, 0.000000) := 791.364746
             assign set ext.leds[2.000000,0.000000] = 791.364746 (Pop 0)
Destruct activation record renderLed
setPixels(leds)
closing Arti 0
Destruct callstack
Destruct valueStack
Destruct ScopedSymbolTable renderFrame (0)
Destruct Symbol x (0)
Destruct Symbol y (0)
Destruct Symbol z (0)
Destruct ScopedSymbolTable renderLed (0)
Destruct Symbol PI2 (0)
Destruct Symbol renderFrame (0)
Destruct Symbol t1 (0)
Destruct Symbol t2 (0)
Destruct Symbol z (0)
Destruct Symbol t3 (0)
Destruct Symbol renderLed (0)
Destruct Symbol h (0)
Destruct Symbol v (0)
Destruct ScopedSymbolTable matrix_2D_pulse (0)
definitionJson  11885 / 72% (26 0 6)
parseTree       13280 / 20% (1 0 27)
closed Arti 0 ✓
