setup 0 bytes free
open wled.json 0 ✓
definitionTree 16384 => 0 ✓
open Examples/WaveSins.wled 0 ✓
programFile size 402 bytes
parseTree 65536 => 0 ✓
 PROGRAM PROGRAM -> [ID WaveSins] 0
 ID WaveSins -> [LCURL {] 0
  LCURL { -> [FUNCTION FUNCTION] 1
     FUNCTION FUNCTION -> [ID renderLed] 4
     ID renderLed -> [LPAREN (] 4
      LPAREN ( -> [ID i] 5
       ID i -> [RPAREN )] 6
       found formal
      found formals
      RPAREN ) -> [LCURL {] 5
      LCURL { -> [ID bri] 5
          ID bri -> [ASSIGN =] 9
         found varref
           ASSIGN = -> [ID sin] 10
         found assignoperator
              ID sin -> [LPAREN (] 13
              LPAREN ( -> [ID millis] 13
                   ID millis -> [LPAREN (] 18
                   LPAREN ( -> [RPAREN )] 18
                   found actuals
                   RPAREN ) -> [DIV /] 18
                  found call
                 found factor
                   DIV / -> [INTEGER_CONST 4] 18
                   INTEGER_CONST 4 -> [PLUS +] 18
                  found factor
                found term
                  PLUS + -> [ID i] 17
                    ID i -> [MUL *] 19
                    ID i -> [MUL *] 19
                   found varref
                  found factor
                    MUL * -> [ID intensitySlider] 19
                     ID intensitySlider -> [RPAREN )] 20
                     ID intensitySlider -> [RPAREN )] 20
                    found varref
                   found factor
                 found term
               found expr
              found actuals
              RPAREN ) -> [MUL *] 13
             found call
            found factor
              MUL * -> [INTEGER_CONST 128] 13
              INTEGER_CONST 128 -> [PLUS +] 13
             found factor
           found term
             PLUS + -> [INTEGER_CONST 128] 12
              INTEGER_CONST 128 -> [ID leds] 13
             found factor
            found term
          found expr
        found assign
       found statement
          ID leds -> [LBRACKET [] 9
           LBRACKET [ -> [ID i] 10
                ID i -> [RBRACKET ]] 15
                ID i -> [RBRACKET ]] 15
               found varref
              found factor
             found term
            found expr
           found indices
           RBRACKET ] -> [ASSIGN =] 10
         found varref
           ASSIGN = -> [ID colorFromPalette] 10
         found assignoperator
              ID colorFromPalette -> [LPAREN (] 13
              LPAREN ( -> [ID beatSin] 13
                   ID beatSin -> [LPAREN (] 18
                   LPAREN ( -> [ID speedSlider] 18
                        ID speedSlider -> [COMMA ,] 23
                        ID speedSlider -> [COMMA ,] 23
                       found varref
                      found factor
                     found term
                    found expr
                     COMMA , -> [ID custom1Slider] 20
                         ID custom1Slider -> [COMMA ,] 24
                         ID custom1Slider -> [COMMA ,] 24
                        found varref
                       found factor
                      found term
                     found expr
                     COMMA , -> [ID custom1Slider] 20
                         ID custom1Slider -> [PLUS +] 24
                         ID custom1Slider -> [PLUS +] 24
                        found varref
                       found factor
                      found term
                        PLUS + -> [ID custom2Slider] 23
                          ID custom2Slider -> [COMMA ,] 25
                          ID custom2Slider -> [COMMA ,] 25
                         found varref
                        found factor
                       found term
                     found expr
                     COMMA , -> [INTEGER_CONST 0] 20
                        INTEGER_CONST 0 -> [COMMA ,] 23
                       found factor
                      found term
                     found expr
                     COMMA , -> [ID i] 20
                         ID i -> [MUL *] 24
                         ID i -> [MUL *] 24
                        found varref
                       found factor
                         MUL * -> [ID custom3Slider] 24
                          ID custom3Slider -> [RPAREN )] 25
                          ID custom3Slider -> [RPAREN )] 25
                         found varref
                        found factor
                      found term
                     found expr
                   found actuals
                   RPAREN ) -> [COMMA ,] 18
                  found call
                 found factor
                found term
               found expr
                COMMA , -> [ID bri] 15
                    ID bri -> [RPAREN )] 19
                    ID bri -> [RPAREN )] 19
                   found varref
                  found factor
                 found term
                found expr
              found actuals
              RPAREN ) -> [RCURL }] 13
             found call
            found factor
           found term
          found expr
        found assign
       found statement
      RCURL } -> [RCURL }] 5
     found block
    found function
   found statement
  RCURL } -> [ ] 1
 found block
Node program Parsed until (15,1) 402 of 402
parse 0 ✓
definitionTree 11598 / 70% (26 0 6)
parseTree      9236 / 14% (1 0 30)
garbageCollect 9236 / 14% -> 6356 / 9%
Destruct Lexer

Optimizer
               node to shrink factor in term : {"factor":{"INTEGER_CONST":"128"}} from {"term":{"factor":{"INTEGER_CONST":"128"}}}
               node to shrink factor in term : {"factor":{"varref":{"ID":"i"}}} from {"term":{"factor":{"varref":{"ID":"i"}}},"*":["multiple"]}
                       node to shrink factor in term : {"factor":{"varref":{"ID":"speedSlider"}}} from {"term":{"factor":{"varref":{"ID":"speedSlider"}}},"*":["multiple"]}
                         node to shrink factor in term : {"factor":{"varref":{"ID":"custom1Slider"}}} from {"term":{"factor":{"varref":{"ID":"custom1Slider"}}},"*":["multiple"]}
                         node to shrink factor in term : {"factor":{"varref":{"ID":"custom1Slider"}}} from {"term":{"factor":{"varref":{"ID":"custom1Slider"}}},"*":["multiple",{"PLUS":"+"},{"term":{"factor":{"varref":{"ID":"custom2Slider"}},"*":["multiple"]}}]}
                           node to shrink factor in term : {"factor":{"varref":{"ID":"custom2Slider"}}} from {"term":{"factor":{"varref":{"ID":"custom2Slider"}}}}
                         node to shrink factor in term : {"factor":{"INTEGER_CONST":"0"}} from {"term":{"factor":{"INTEGER_CONST":"0"}},"*":["multiple"]}
                  node to shrink factor in term : {"factor":{"call":{"ID":"beatSin","actuals":{"expr":{"term":{"varref":{"ID":"speedSlider"}}},"*":[{"expr":{"term":{"varref":{"ID":"custom1Slider"}}}},{"expr":{"term":{"varref":{"ID":"custom1Slider"}},"*":[{"PLUS":"+"},{"term":{"varref":{"ID":"custom2Slider"}}}]}},{"expr":{"term":{"INTEGER_CONST":"0"}}},{"expr":{"term":{"factor":{"varref":{"ID":"i"}},"*":[{"MUL":"*"},{"factor":{"varref":{"ID":"custom3Slider"}}}]}}}]}}}} from {"term":{"factor":{"call":{"ID":"beatSin","actuals":{"expr":{"term":{"varref":{"ID":"speedSlider"}}},"*":[{"expr":{"term":{"varref":{"ID":"custom1Slider"}}}},{"expr":{"term":{"varref":{"ID":"custom1Slider"}},"*":[{"PLUS":"+"},{"term":{"varref":{"ID":"custom2Slider"}}}]}},{"expr":{"term":{"INTEGER_CONST":"0"}}},{"expr":{"term":{"factor":{"varref":{"ID":"i"}},"*":[{"MUL":"*"},{"factor":{"varref":{"ID":"custom3Slider"}}}]}}}]}}}},"*":["multiple"]}
                    node to shrink factor in term : {"factor":{"varref":{"ID":"bri"}}} from {"term":{"factor":{"varref":{"ID":"bri"}}},"*":["multiple"]}
             node to shrink factor in term : {"factor":{"call":{"ID":"colorFromPalette","actuals":{"expr":{"term":{"call":{"ID":"beatSin","actuals":{"expr":{"term":{"varref":{"ID":"speedSlider"}}},"*":[{"expr":{"term":{"varref":{"ID":"custom1Slider"}}}},{"expr":{"term":{"varref":{"ID":"custom1Slider"}},"*":[{"PLUS":"+"},{"term":{"varref":{"ID":"custom2Slider"}}}]}},{"expr":{"term":{"INTEGER_CONST":"0"}}},{"expr":{"term":{"factor":{"varref":{"ID":"i"}},"*":[{"MUL":"*"},{"factor":{"varref":{"ID":"custom3Slider"}}}]}}}]}}}},"*":[{"expr":{"term":{"varref":{"ID":"bri"}}}}]}}}} from {"term":{"factor":{"call":{"ID":"colorFromPalette","actuals":{"expr":{"term":{"call":{"ID":"beatSin","actuals":{"expr":{"term":{"varref":{"ID":"speedSlider"}}},"*":[{"expr":{"term":{"varref":{"ID":"custom1Slider"}}}},{"expr":{"term":{"varref":{"ID":"custom1Slider"}},"*":[{"PLUS":"+"},{"term":{"varref":{"ID":"custom2Slider"}}}]}},{"expr":{"term":{"INTEGER_CONST":"0"}}},{"expr":{"term":{"factor":{"varref":{"ID":"i"}},"*":[{"MUL":"*"},{"factor":{"varref":{"ID":"custom3Slider"}}}]}}}]}}}},"*":[{"expr":{"term":{"varref":{"ID":"bri"}}}}]}}}},"*":["multiple"]}
optimize 0 ✓
garbageCollect 9844 / 15% -> 4244 / 6%

Analyzer
 Program WaveSins 1 0
     Function WaveSins.renderLed
      formal renderLed.i of notype
         assign WaveSins.bri of notype
         assign bri = (8)
             Ext Function found sin (12)
                 Ext Function found millis (16)
                   VarRef found renderLed.i (18)
                     Ext Variable found intensitySlider (20) varref
             VarRef found renderLed.i (12)
         Ext Variable found leds (8) assign
         assign leds = (8)
            Ext Function found colorFromPalette (11)
               Ext Function found beatSin (14)
                  Ext Variable found speedSlider (17) varref
                    Ext Variable found custom1Slider (19) varref
                    Ext Variable found custom1Slider (19) varref
                      Ext Variable found custom2Slider (21) varref
                     VarRef found renderLed.i (20)
                       Ext Variable found custom3Slider (22) varref
                 VarRef found WaveSins.bri (16)
     0 formal renderLed.i of 9 (2)
 0 function WaveSins.renderLed of 9 (1)
 1 assign WaveSins.bri of 9 (1)
analyze 0 ✓
garbageCollect 5332 / 8% -> 5332 / 8%

interpret WaveSins 1 2
 program WaveSins
     Save block of renderLed
Interpret main 0 ✓
                     Call millis() = 1000.000000 (Pop 0, Push 1)
                      DIV / (Push 2)
                       INTEGER_CONST 4 (Push 3)
                   1000.000000 / 4.000000 = 250.000000 (pop 0, push 1)
                     PLUS + (Push 2)
                       varref renderLed.i = 0.000000 (push 3) 2-0
                        MUL * (Push 4)
                         varref ext.intensitySlider = 17.000000 (push 5)
                     0.000000 * 17.000000 = 0.000000 (pop 2, push 3)
                  250.000000 + 0.000000 = 250.000000 (pop 0, push 1)
                 Call sin(250.000000) = -0.970528 (Pop 0, Push 1)
                  MUL * (Push 2)
                   INTEGER_CONST 128 (Push 3)
               -0.970528 * 128.000000 = -124.227585 (pop 0, push 1)
                 PLUS + (Push 2)
                  INTEGER_CONST 128 (Push 3)
              -124.227585 + 128.000000 = 3.772415 (pop 0, push 1)
             WaveSins.bri := 3.772415 (pop 0) 1-1
                      varref ext.speedSlider = 16.000000 (push 1)
                        varref ext.custom1Slider = 18.000000 (push 2)
                        varref ext.custom1Slider = 18.000000 (push 3)
                         PLUS + (Push 4)
                          varref ext.custom2Slider = 19.000000 (push 5)
                      18.000000 + 19.000000 = 37.000000 (pop 2, push 3)
                        INTEGER_CONST 0 (Push 4)
                         varref renderLed.i = 0.000000 (push 5) 2-0
                          MUL * (Push 6)
                           varref ext.custom3Slider = 20.000000 (push 7)
                       0.000000 * 20.000000 = 0.000000 (pop 4, push 5)
                   Call beatSin(16.000000, 18.000000, 37.000000, 0.000000, 0.000000) = 71.000000 (Pop 0, Push 1)
                     varref WaveSins.bri = 3.772415 (push 2) 1-1
                Call colorFromPalette(71.000000, 3.772415) = 74.772415 (Pop 0, Push 1)
                 varref renderLed.i = 0.000000 (push 1) 2-0
arti_set_external_variable: leds(0.000000) := 74.772415
             assign set ext.leds[0.000000] = 74.772415 (Pop 0)
                     Call millis() = 1000.000000 (Pop 0, Push 1)
                      DIV / (Push 2)
                       INTEGER_CONST 4 (Push 3)
                   1000.000000 / 4.000000 = 250.000000 (pop 0, push 1)
                     PLUS + (Push 2)
                       varref renderLed.i = 1.000000 (push 3) 2-0
                        MUL * (Push 4)
                         varref ext.intensitySlider = 17.000000 (push 5)
                     1.000000 * 17.000000 = 17.000000 (pop 2, push 3)
                  250.000000 + 17.000000 = 267.000000 (pop 0, push 1)
                 Call sin(267.000000) = 0.035368 (Pop 0, Push 1)
                  MUL * (Push 2)
                   INTEGER_CONST 128 (Push 3)
               0.035368 * 128.000000 = 4.527127 (pop 0, push 1)
                 PLUS + (Push 2)
                  INTEGER_CONST 128 (Push 3)
              4.527127 + 128.000000 = 132.527130 (pop 0, push 1)
             WaveSins.bri := 132.527130 (pop 0) 1-1
                      varref ext.speedSlider = 16.000000 (push 1)
                        varref ext.custom1Slider = 18.000000 (push 2)
                        varref ext.custom1Slider = 18.000000 (push 3)
                         PLUS + (Push 4)
                          varref ext.custom2Slider = 19.000000 (push 5)
                      18.000000 + 19.000000 = 37.000000 (pop 2, push 3)
                        INTEGER_CONST 0 (Push 4)
                         varref renderLed.i = 1.000000 (push 5) 2-0
                          MUL * (Push 6)
                           varref ext.custom3Slider = 20.000000 (push 7)
                       1.000000 * 20.000000 = 20.000000 (pop 4, push 5)
                   Call beatSin(16.000000, 18.000000, 37.000000, 0.000000, 20.000000) = 91.000000 (Pop 0, Push 1)
                     varref WaveSins.bri = 132.527130 (push 2) 1-1
                Call colorFromPalette(91.000000, 132.527130) = 223.527130 (Pop 0, Push 1)
                 varref renderLed.i = 1.000000 (push 1) 2-0
arti_set_external_variable: leds(1.000000) := 223.527130
             assign set ext.leds[1.000000] = 223.527130 (Pop 0)
                     Call millis() = 1000.000000 (Pop 0, Push 1)
                      DIV / (Push 2)
                       INTEGER_CONST 4 (Push 3)
                   1000.000000 / 4.000000 = 250.000000 (pop 0, push 1)
                     PLUS + (Push 2)
                       varref renderLed.i = 2.000000 (push 3) 2-0
                        MUL * (Push 4)
                         varref ext.intensitySlider = 17.000000 (push 5)
                     2.000000 * 17.000000 = 34.000000 (pop 2, push 3)
                  250.000000 + 34.000000 = 284.000000 (pop 0, push 1)
                 Call sin(284.000000) = 0.951064 (Pop 0, Push 1)
                  MUL * (Push 2)
                   INTEGER_CONST 128 (Push 3)
               0.951064 * 128.000000 = 121.736191 (pop 0, push 1)
                 PLUS + (Push 2)
                  INTEGER_CONST 128 (Push 3)
              121.736191 + 128.000000 = 249.736191 (pop 0, push 1)
             WaveSins.bri := 249.736191 (pop 0) 1-1
                      varref ext.speedSlider = 16.000000 (push 1)
                        varref ext.custom1Slider = 18.000000 (push 2)
                        varref ext.custom1Slider = 18.000000 (push 3)
                         PLUS + (Push 4)
                          varref ext.custom2Slider = 19.000000 (push 5)
                      18.000000 + 19.000000 = 37.000000 (pop 2, push 3)
                        INTEGER_CONST 0 (Push 4)
                         varref renderLed.i = 2.000000 (push 5) 2-0
                          MUL * (Push 6)
                           varref ext.custom3Slider = 20.000000 (push 7)
                       2.000000 * 20.000000 = 40.000000 (pop 4, push 5)
                   Call beatSin(16.000000, 18.000000, 37.000000, 0.000000, 40.000000) = 111.000000 (Pop 0, Push 1)
                     varref WaveSins.bri = 249.736191 (push 2) 1-1
                Call colorFromPalette(111.000000, 249.736191) = 360.736206 (Pop 0, Push 1)
                 varref renderLed.i = 2.000000 (push 1) 2-0
arti_set_external_variable: leds(2.000000) := 360.736206
             assign set ext.leds[2.000000] = 360.736206 (Pop 0)
Destruct activation record renderLed
setPixels(leds)
                     Call millis() = 1000.000000 (Pop 0, Push 1)
                      DIV / (Push 2)
                       INTEGER_CONST 4 (Push 3)
                   1000.000000 / 4.000000 = 250.000000 (pop 0, push 1)
                     PLUS + (Push 2)
                       varref renderLed.i = 0.000000 (push 3) 2-0
                        MUL * (Push 4)
                         varref ext.intensitySlider = 17.000000 (push 5)
                     0.000000 * 17.000000 = 0.000000 (pop 2, push 3)
                  250.000000 + 0.000000 = 250.000000 (pop 0, push 1)
                 Call sin(250.000000) = -0.970528 (Pop 0, Push 1)
                  MUL * (Push 2)
                   INTEGER_CONST 128 (Push 3)
               -0.970528 * 128.000000 = -124.227585 (pop 0, push 1)
                 PLUS + (Push 2)
                  INTEGER_CONST 128 (Push 3)
              -124.227585 + 128.000000 = 3.772415 (pop 0, push 1)
             WaveSins.bri := 3.772415 (pop 0) 1-1
                      varref ext.speedSlider = 16.000000 (push 1)
                        varref ext.custom1Slider = 18.000000 (push 2)
                        varref ext.custom1Slider = 18.000000 (push 3)
                         PLUS + (Push 4)
                          varref ext.custom2Slider = 19.000000 (push 5)
                      18.000000 + 19.000000 = 37.000000 (pop 2, push 3)
                        INTEGER_CONST 0 (Push 4)
                         varref renderLed.i = 0.000000 (push 5) 2-0
                          MUL * (Push 6)
                           varref ext.custom3Slider = 20.000000 (push 7)
                       0.000000 * 20.000000 = 0.000000 (pop 4, push 5)
                   Call beatSin(16.000000, 18.000000, 37.000000, 0.000000, 0.000000) = 71.000000 (Pop 0, Push 1)
                     varref WaveSins.bri = 3.772415 (push 2) 1-1
                Call colorFromPalette(71.000000, 3.772415) = 74.772415 (Pop 0, Push 1)
                 varref renderLed.i = 0.000000 (push 1) 2-0
arti_set_external_variable: leds(0.000000) := 74.772415
             assign set ext.leds[0.000000] = 74.772415 (Pop 0)
                     Call millis() = 1000.000000 (Pop 0, Push 1)
                      DIV / (Push 2)
                       INTEGER_CONST 4 (Push 3)
                   1000.000000 / 4.000000 = 250.000000 (pop 0, push 1)
                     PLUS + (Push 2)
                       varref renderLed.i = 1.000000 (push 3) 2-0
                        MUL * (Push 4)
                         varref ext.intensitySlider = 17.000000 (push 5)
                     1.000000 * 17.000000 = 17.000000 (pop 2, push 3)
                  250.000000 + 17.000000 = 267.000000 (pop 0, push 1)
                 Call sin(267.000000) = 0.035368 (Pop 0, Push 1)
                  MUL * (Push 2)
                   INTEGER_CONST 128 (Push 3)
               0.035368 * 128.000000 = 4.527127 (pop 0, push 1)
                 PLUS + (Push 2)
                  INTEGER_CONST 128 (Push 3)
              4.527127 + 128.000000 = 132.527130 (pop 0, push 1)
             WaveSins.bri := 132.527130 (pop 0) 1-1
                      varref ext.speedSlider = 16.000000 (push 1)
                        varref ext.custom1Slider = 18.000000 (push 2)
                        varref ext.custom1Slider = 18.000000 (push 3)
                         PLUS + (Push 4)
                          varref ext.custom2Slider = 19.000000 (push 5)
                      18.000000 + 19.000000 = 37.000000 (pop 2, push 3)
                        INTEGER_CONST 0 (Push 4)
                         varref renderLed.i = 1.000000 (push 5) 2-0
                          MUL * (Push 6)
                           varref ext.custom3Slider = 20.000000 (push 7)
                       1.000000 * 20.000000 = 20.000000 (pop 4, push 5)
                   Call beatSin(16.000000, 18.000000, 37.000000, 0.000000, 20.000000) = 91.000000 (Pop 0, Push 1)
                     varref WaveSins.bri = 132.527130 (push 2) 1-1
                Call colorFromPalette(91.000000, 132.527130) = 223.527130 (Pop 0, Push 1)
                 varref renderLed.i = 1.000000 (push 1) 2-0
arti_set_external_variable: leds(1.000000) := 223.527130
             assign set ext.leds[1.000000] = 223.527130 (Pop 0)
                     Call millis() = 1000.000000 (Pop 0, Push 1)
                      DIV / (Push 2)
                       INTEGER_CONST 4 (Push 3)
                   1000.000000 / 4.000000 = 250.000000 (pop 0, push 1)
                     PLUS + (Push 2)
                       varref renderLed.i = 2.000000 (push 3) 2-0
                        MUL * (Push 4)
                         varref ext.intensitySlider = 17.000000 (push 5)
                     2.000000 * 17.000000 = 34.000000 (pop 2, push 3)
                  250.000000 + 34.000000 = 284.000000 (pop 0, push 1)
                 Call sin(284.000000) = 0.951064 (Pop 0, Push 1)
                  MUL * (Push 2)
                   INTEGER_CONST 128 (Push 3)
               0.951064 * 128.000000 = 121.736191 (pop 0, push 1)
                 PLUS + (Push 2)
                  INTEGER_CONST 128 (Push 3)
              121.736191 + 128.000000 = 249.736191 (pop 0, push 1)
             WaveSins.bri := 249.736191 (pop 0) 1-1
                      varref ext.speedSlider = 16.000000 (push 1)
                        varref ext.custom1Slider = 18.000000 (push 2)
                        varref ext.custom1Slider = 18.000000 (push 3)
                         PLUS + (Push 4)
                          varref ext.custom2Slider = 19.000000 (push 5)
                      18.000000 + 19.000000 = 37.000000 (pop 2, push 3)
                        INTEGER_CONST 0 (Push 4)
                         varref renderLed.i = 2.000000 (push 5) 2-0
                          MUL * (Push 6)
                           varref ext.custom3Slider = 20.000000 (push 7)
                       2.000000 * 20.000000 = 40.000000 (pop 4, push 5)
                   Call beatSin(16.000000, 18.000000, 37.000000, 0.000000, 40.000000) = 111.000000 (Pop 0, Push 1)
                     varref WaveSins.bri = 249.736191 (push 2) 1-1
                Call colorFromPalette(111.000000, 249.736191) = 360.736206 (Pop 0, Push 1)
                 varref renderLed.i = 2.000000 (push 1) 2-0
arti_set_external_variable: leds(2.000000) := 360.736206
             assign set ext.leds[2.000000] = 360.736206 (Pop 0)
Destruct activation record renderLed
setPixels(leds)
closing Arti 0
Destruct callstack
Destruct valueStack
Destruct Symbol i (0)
Destruct ScopedSymbolTable renderLed (0)
Destruct Symbol renderLed (0)
Destruct Symbol bri (0)
Destruct ScopedSymbolTable WaveSins (0)
definitionJson  11598 / 70% (26 0 6)
parseTree       5332 / 8% (1 0 28)
closed Arti 0 ✓
